[12:02:59] [Server thread/INFO]: Starting minecraft server version 1.8.8
[12:02:59] [Server thread/INFO]: Loading properties
[12:02:59] [Server thread/INFO]: Default game type: SURVIVAL
[12:02:59] [Server thread/INFO]: This server is running CraftBukkit version git-PaperSpigot-445 (MC: 1.8.8) (Implementing API version 1.8.8-R0.1-SNAPSHOT)
[12:02:59] [Server thread/INFO]: Debug logging is disabled
[12:02:59] [Server thread/INFO]: Spigot Timings: true - Verbose: true - Interval: 5m - Length: 60m
[12:02:59] [Server thread/INFO]: Server Ping Player Sample Count: 12

[12:02:59] [Server thread/INFO]: Using 4 threads for Netty based IO
[12:02:59] [Server thread/INFO]: Data value allowed items: 
[12:02:59] [Server thread/WARN]: java.lang.NoSuchFieldException: modifiers

[12:02:59] [Server thread/WARN]: 	at java.base/java.lang.Class.getDeclaredField(Class.java:2782)

[12:02:59] [Server thread/WARN]: 	at org.github.paperspigot.PaperSpigotConfig.stackableBuckets(PaperSpigotConfig.java:192)

[12:02:59] [Server thread/WARN]: 	at java.base/jdk.internal.reflect.DirectMethodHandleAccessor.invoke(DirectMethodHandleAccessor.java:103)

[12:02:59] [Server thread/WARN]: 	at java.base/java.lang.reflect.Method.invoke(Method.java:580)

[12:02:59] [Server thread/WARN]: 	at org.github.paperspigot.PaperSpigotConfig.readConfig(PaperSpigotConfig.java:84)

[12:02:59] [Server thread/WARN]: 	at org.github.paperspigot.PaperSpigotConfig.init(PaperSpigotConfig.java:62)

[12:02:59] [Server thread/WARN]: 	at net.minecraft.server.v1_8_R3.DedicatedServer.init(DedicatedServer.java:181)

[12:02:59] [Server thread/WARN]: 	at net.minecraft.server.v1_8_R3.MinecraftServer.run(MinecraftServer.java:563)

[12:02:59] [Server thread/WARN]: 	at java.base/java.lang.Thread.run(Thread.java:1583)

[12:02:59] [Server thread/INFO]: Generating keypair
[12:03:00] [Server thread/INFO]: Starting Minecraft server on localhost:25565
[12:03:00] [Server thread/INFO]: Your platform does not provide complete low-level API for accessing direct buffers reliably. Unless explicitly requested, heap buffer will always be preferred to avoid potential system unstability.
[12:03:00] [Server thread/INFO]: Using default channel type
[12:03:00] [Server thread/INFO]: Set PluginClassLoader as parallel capable
[12:03:00] [Server thread/INFO]: [SimpleTpa] Loading SimpleTpa v6.4
[12:03:00] [Server thread/INFO]: [SimpleHomes] Loading SimpleHomes v2.2
[12:03:00] [Server thread/INFO]: [WorldEdit] Loading WorldEdit v6.1;no_git_id
[12:03:00] [Server thread/INFO]: [LoginSecurity] Loading LoginSecurity v3.2.0
[12:03:00] [Server thread/WARN]: **** SERVER IS RUNNING IN OFFLINE/INSECURE MODE!
[12:03:00] [Server thread/WARN]: The server will make no attempt to authenticate usernames. Beware.
[12:03:00] [Server thread/WARN]: Whilst this makes it possible to use BungeeCord, unless access to your server is properly restricted, it also opens up the ability for hackers to connect with any username they choose.
[12:03:00] [Server thread/WARN]: Please see http://www.spigotmc.org/wiki/firewall-guide/ for further information.
[12:03:00] [Server thread/WARN]: To change this, set "online-mode" to "true" in the server.properties file.
[12:03:00] [Server thread/INFO]: **** Beginning UUID conversion, this may take A LONG time ****
[12:03:00] [Server thread/INFO]: Preparing level "world"
[12:03:00] [Server thread/INFO]: -------- World Settings For [world] --------
[12:03:00] [Server thread/INFO]: Mob Spawn Range: 4
[12:03:00] [Server thread/INFO]: Anti X-Ray: true
[12:03:00] [Server thread/INFO]: 	Engine Mode: 1
[12:03:00] [Server thread/INFO]: 	Hidden Blocks: [14, 15, 16, 21, 48, 49, 54, 56, 73, 74, 82, 129, 130]
[12:03:00] [Server thread/INFO]: 	Replace Blocks: [1, 5]
[12:03:00] [Server thread/INFO]: Nerfing mobs spawned from spawners: false
[12:03:00] [Server thread/INFO]: Cactus Growth Modifier: 100%
[12:03:00] [Server thread/INFO]: Cane Growth Modifier: 100%
[12:03:00] [Server thread/INFO]: Melon Growth Modifier: 100%
[12:03:00] [Server thread/INFO]: Mushroom Growth Modifier: 100%
[12:03:00] [Server thread/INFO]: Pumpkin Growth Modifier: 100%
[12:03:00] [Server thread/INFO]: Sapling Growth Modifier: 100%
[12:03:00] [Server thread/INFO]: Wheat Growth Modifier: 100%
[12:03:00] [Server thread/INFO]: NetherWart Growth Modifier: 100%
[12:03:00] [Server thread/INFO]: Entity Activation Range: An 32 / Mo 32 / Mi 16
[12:03:00] [Server thread/INFO]: Entity Tracking Range: Pl 48 / An 48 / Mo 48 / Mi 32 / Other 64
[12:03:00] [Server thread/INFO]: Hopper Transfer: 8 Hopper Check: 8 Hopper Amount: 1
[12:03:00] [Server thread/INFO]: Random Lighting Updates: false
[12:03:00] [Server thread/INFO]: Structure Info Saving: true
[12:03:00] [Server thread/INFO]: Sending up to 10 chunks per packet
[12:03:00] [Server thread/INFO]: Max Entity Collisions: 8
[12:03:00] [Server thread/INFO]: Custom Map Seeds:  Village: 10387312 Feature: 14357617
[12:03:00] [Server thread/INFO]: Max TNT Explosions: 100
[12:03:00] [Server thread/INFO]: Tile Max Tick Time: 50ms Entity max Tick Time: 50ms
[12:03:00] [Server thread/INFO]: Item Despawn Rate: 6000
[12:03:00] [Server thread/INFO]: Item Merge Radius: 2.5
[12:03:00] [Server thread/INFO]: Arrow Despawn Rate: 1200
[12:03:00] [Server thread/INFO]: Allow Zombie Pigmen to spawn from portal blocks: true
[12:03:00] [Server thread/INFO]: View Distance: 4
[12:03:00] [Server thread/INFO]: Zombie Aggressive Towards Villager: true
[12:03:00] [Server thread/INFO]: Chunks to Grow per Tick: 650
[12:03:00] [Server thread/INFO]: Clear tick list: false
[12:03:00] [Server thread/INFO]: Experience Merge Radius: 3.0
[12:03:00] [Server thread/INFO]: -------- World Settings For [world] --------
[12:03:00] [Server thread/INFO]: Squids will spawn between Y: 45.0 and Y: 63.0
[12:03:00] [Server thread/INFO]: Max height for cactus growth 3. Max height for reed growth 3
[12:03:00] [Server thread/INFO]: Living Entity Despawn Ranges:  Soft: 32 Hard: 128
[12:03:00] [Server thread/INFO]: Player blocking damage multiplier set to 0.5
[12:03:00] [Server thread/INFO]: Remove invalid mob spawner tile entities: true
[12:03:00] [Server thread/INFO]: Water over lava flow speed: 5
[12:03:00] [Server thread/INFO]: Fix TNT cannons: false
[12:03:00] [Server thread/INFO]: Allow undead horse types to be leashed: false
[12:03:00] [Server thread/INFO]: Keep spawn chunk loaded: true
[12:03:00] [Server thread/INFO]: World async lighting: false
[12:03:00] [Server thread/INFO]: WorldServer TickNextTick cap set at 10000
[12:03:00] [Server thread/INFO]: WorldServer TickNextTickList cap always processes redstone: false
[12:03:00] [Server thread/INFO]: -------- World Settings For [world_nether] --------
[12:03:00] [Server thread/INFO]: Mob Spawn Range: 4
[12:03:00] [Server thread/INFO]: Anti X-Ray: true
[12:03:00] [Server thread/INFO]: 	Engine Mode: 1
[12:03:00] [Server thread/INFO]: 	Hidden Blocks: [14, 15, 16, 21, 48, 49, 54, 56, 73, 74, 82, 129, 130]
[12:03:00] [Server thread/INFO]: 	Replace Blocks: [1, 5]
[12:03:00] [Server thread/INFO]: Nerfing mobs spawned from spawners: false
[12:03:00] [Server thread/INFO]: Cactus Growth Modifier: 100%
[12:03:00] [Server thread/INFO]: Cane Growth Modifier: 100%
[12:03:00] [Server thread/INFO]: Melon Growth Modifier: 100%
[12:03:00] [Server thread/INFO]: Mushroom Growth Modifier: 100%
[12:03:00] [Server thread/INFO]: Pumpkin Growth Modifier: 100%
[12:03:00] [Server thread/INFO]: Sapling Growth Modifier: 100%
[12:03:00] [Server thread/INFO]: Wheat Growth Modifier: 100%
[12:03:00] [Server thread/INFO]: NetherWart Growth Modifier: 100%
[12:03:00] [Server thread/INFO]: Entity Activation Range: An 32 / Mo 32 / Mi 16
[12:03:00] [Server thread/INFO]: Entity Tracking Range: Pl 48 / An 48 / Mo 48 / Mi 32 / Other 64
[12:03:00] [Server thread/INFO]: Hopper Transfer: 8 Hopper Check: 8 Hopper Amount: 1
[12:03:00] [Server thread/INFO]: Random Lighting Updates: false
[12:03:00] [Server thread/INFO]: Structure Info Saving: true
[12:03:00] [Server thread/INFO]: Sending up to 10 chunks per packet
[12:03:00] [Server thread/INFO]: Max Entity Collisions: 8
[12:03:00] [Server thread/INFO]: Custom Map Seeds:  Village: 10387312 Feature: 14357617
[12:03:00] [Server thread/INFO]: Max TNT Explosions: 100
[12:03:00] [Server thread/INFO]: Tile Max Tick Time: 50ms Entity max Tick Time: 50ms
[12:03:00] [Server thread/INFO]: Item Despawn Rate: 6000
[12:03:00] [Server thread/INFO]: Item Merge Radius: 2.5
[12:03:00] [Server thread/INFO]: Arrow Despawn Rate: 1200
[12:03:00] [Server thread/INFO]: Allow Zombie Pigmen to spawn from portal blocks: true
[12:03:00] [Server thread/INFO]: View Distance: 4
[12:03:00] [Server thread/INFO]: Zombie Aggressive Towards Villager: true
[12:03:00] [Server thread/INFO]: Chunks to Grow per Tick: 650
[12:03:00] [Server thread/INFO]: Clear tick list: false
[12:03:00] [Server thread/INFO]: Experience Merge Radius: 3.0
[12:03:00] [Server thread/INFO]: -------- World Settings For [world_nether] --------
[12:03:00] [Server thread/INFO]: Squids will spawn between Y: 45.0 and Y: 63.0
[12:03:00] [Server thread/INFO]: Max height for cactus growth 3. Max height for reed growth 3
[12:03:00] [Server thread/INFO]: Living Entity Despawn Ranges:  Soft: 32 Hard: 128
[12:03:00] [Server thread/INFO]: Player blocking damage multiplier set to 0.5
[12:03:00] [Server thread/INFO]: Remove invalid mob spawner tile entities: true
[12:03:00] [Server thread/INFO]: Water over lava flow speed: 5
[12:03:00] [Server thread/INFO]: Fix TNT cannons: false
[12:03:00] [Server thread/INFO]: Allow undead horse types to be leashed: false
[12:03:00] [Server thread/INFO]: Keep spawn chunk loaded: true
[12:03:00] [Server thread/INFO]: World async lighting: false
[12:03:00] [Server thread/INFO]: WorldServer TickNextTick cap set at 10000
[12:03:00] [Server thread/INFO]: WorldServer TickNextTickList cap always processes redstone: false
[12:03:00] [Server thread/INFO]: -------- World Settings For [world_the_end] --------
[12:03:00] [Server thread/INFO]: Mob Spawn Range: 4
[12:03:00] [Server thread/INFO]: Anti X-Ray: true
[12:03:00] [Server thread/INFO]: 	Engine Mode: 1
[12:03:00] [Server thread/INFO]: 	Hidden Blocks: [14, 15, 16, 21, 48, 49, 54, 56, 73, 74, 82, 129, 130]
[12:03:00] [Server thread/INFO]: 	Replace Blocks: [1, 5]
[12:03:00] [Server thread/INFO]: Nerfing mobs spawned from spawners: false
[12:03:00] [Server thread/INFO]: Cactus Growth Modifier: 100%
[12:03:00] [Server thread/INFO]: Cane Growth Modifier: 100%
[12:03:00] [Server thread/INFO]: Melon Growth Modifier: 100%
[12:03:00] [Server thread/INFO]: Mushroom Growth Modifier: 100%
[12:03:00] [Server thread/INFO]: Pumpkin Growth Modifier: 100%
[12:03:00] [Server thread/INFO]: Sapling Growth Modifier: 100%
[12:03:00] [Server thread/INFO]: Wheat Growth Modifier: 100%
[12:03:00] [Server thread/INFO]: NetherWart Growth Modifier: 100%
[12:03:00] [Server thread/INFO]: Entity Activation Range: An 32 / Mo 32 / Mi 16
[12:03:00] [Server thread/INFO]: Entity Tracking Range: Pl 48 / An 48 / Mo 48 / Mi 32 / Other 64
[12:03:00] [Server thread/INFO]: Hopper Transfer: 8 Hopper Check: 8 Hopper Amount: 1
[12:03:00] [Server thread/INFO]: Random Lighting Updates: false
[12:03:00] [Server thread/INFO]: Structure Info Saving: true
[12:03:00] [Server thread/INFO]: Sending up to 10 chunks per packet
[12:03:00] [Server thread/INFO]: Max Entity Collisions: 8
[12:03:00] [Server thread/INFO]: Custom Map Seeds:  Village: 10387312 Feature: 14357617
[12:03:00] [Server thread/INFO]: Max TNT Explosions: 100
[12:03:00] [Server thread/INFO]: Tile Max Tick Time: 50ms Entity max Tick Time: 50ms
[12:03:00] [Server thread/INFO]: Item Despawn Rate: 6000
[12:03:00] [Server thread/INFO]: Item Merge Radius: 2.5
[12:03:00] [Server thread/INFO]: Arrow Despawn Rate: 1200
[12:03:00] [Server thread/INFO]: Allow Zombie Pigmen to spawn from portal blocks: true
[12:03:00] [Server thread/INFO]: View Distance: 4
[12:03:00] [Server thread/INFO]: Zombie Aggressive Towards Villager: true
[12:03:00] [Server thread/INFO]: Chunks to Grow per Tick: 650
[12:03:00] [Server thread/INFO]: Clear tick list: false
[12:03:00] [Server thread/INFO]: Experience Merge Radius: 3.0
[12:03:00] [Server thread/INFO]: -------- World Settings For [world_the_end] --------
[12:03:00] [Server thread/INFO]: Squids will spawn between Y: 45.0 and Y: 63.0
[12:03:00] [Server thread/INFO]: Max height for cactus growth 3. Max height for reed growth 3
[12:03:00] [Server thread/INFO]: Living Entity Despawn Ranges:  Soft: 32 Hard: 128
[12:03:00] [Server thread/INFO]: Player blocking damage multiplier set to 0.5
[12:03:00] [Server thread/INFO]: Remove invalid mob spawner tile entities: true
[12:03:00] [Server thread/INFO]: Water over lava flow speed: 5
[12:03:00] [Server thread/INFO]: Fix TNT cannons: false
[12:03:00] [Server thread/INFO]: Allow undead horse types to be leashed: false
[12:03:00] [Server thread/INFO]: Keep spawn chunk loaded: true
[12:03:00] [Server thread/INFO]: World async lighting: false
[12:03:00] [Server thread/INFO]: WorldServer TickNextTick cap set at 10000
[12:03:00] [Server thread/INFO]: WorldServer TickNextTickList cap always processes redstone: false
[12:03:00] [Server thread/INFO]: Preparing start region for level 0 (Seed: -6884877267134032811)
[12:03:01] [Server thread/INFO]: Preparing spawn area: 42%
[12:03:02] [Server thread/INFO]: Preparing start region for level 1 (Seed: -6884877267134032811)
[12:03:03] [Server thread/INFO]: Preparing spawn area: 42%
[12:03:03] [Server thread/INFO]: Preparing start region for level 2 (Seed: -6884877267134032811)
[12:03:03] [Server thread/INFO]: [SimpleTpa] Enabling SimpleTpa v6.4
[12:03:03] [Server thread/INFO]: [0;33;1m[21m[SimpleTpa] If you need support contact me at https://discord.gg/SZUkza9[m

[12:03:03] [Server thread/INFO]: [0;33;1m[21m[SimpleTpa] Simple Tpa has been enabled on version 6.4[m

[12:03:04] [Server thread/INFO]: Enabled metrics. You may opt-out by changing plugins/bStats/config.yml
[12:03:04] [Server thread/INFO]: [SimpleHomes] Enabling SimpleHomes v2.2
[12:03:04] [Server thread/INFO]: [WorldEdit] Enabling WorldEdit v6.1;no_git_id
[12:03:04] [Server thread/INFO]: WEPIF: Using the Bukkit Permissions API.
[12:03:04] [Server thread/INFO]: [WorldEdit] Using com.sk89q.worldedit.bukkit.adapter.impl.Spigot_v1_8_R3 as the Bukkit adapter
[12:03:04] [Server thread/INFO]: [LoginSecurity] Enabling LoginSecurity v3.2.0
[12:03:04] [Server thread/INFO]: [LoginSecurity] Loading base translations from "en_us"
[12:03:04] [Server thread/INFO]: [LoginSecurity] Loading specified translations from "en_us"
[12:03:04] [Server thread/INFO]: [LoginSecurity] Registering commands...
[12:03:04] [Server thread/INFO]: [LoginSecurity] Registering listeners...
[12:03:04] [Server thread/INFO]: Server permissions file permissions.yml is empty, ignoring it
[12:03:04] [Server thread/INFO]: Done (4.283s)! For help, type "help" or "?"
[12:03:04] [Server thread/INFO]: Timings Reset
[12:03:05] [Craft Scheduler Thread - 0/INFO]: [0;31;1m[21m[SimpleTpa] There is a new update available.[m

[12:03:05] [Craft Scheduler Thread - 0/INFO]: [0;31;1m[SimpleTpa] There is a new update available:[m

[12:03:05] [Craft Scheduler Thread - 0/INFO]: [0;31;1m[SimpleTpa] https://www.spigotmc.org/resources/simple-tpa.64270/[m

[12:03:46] [Thread-7/INFO]: UUID of player Gar_Field is 0bb0e430-08c6-3953-8bf6-a17ad790be75
[12:03:46] [Server thread/INFO]: Gar_Field[/[0:0:0:0:0:0:0:1]:49080] logged in with entity id 516 at ([world]20.332923387272107, 57.0, 257.94510404284)
[12:03:47] [Thread-8/INFO]: UUID of player IneptDwarf33872 is 3cc8ae8c-efb0-31c8-8611-ac8c67976fdc
[12:03:47] [Server thread/INFO]: IneptDwarf33872[/[0:0:0:0:0:0:0:1]:55232] logged in with entity id 517 at ([world]20.021917336747567, 70.0, 259.40342695240963)
[12:04:51] [Server thread/INFO]: Gar_Field was slain by IneptDwarf33872
[12:05:11] [Server thread/INFO]: Gar_Field lost connection: Disconnected
[12:05:11] [Server thread/INFO]: Gar_Field left the game.
[12:09:17] [Thread-10/INFO]: UUID of player Gar_Field is 0bb0e430-08c6-3953-8bf6-a17ad790be75
[12:09:17] [Server thread/INFO]: Gar_Field[/[0:0:0:0:0:0:0:1]:44010] logged in with entity id 738 at ([world]23.57977737100044, 57.0, 257.1701818393262)
[12:09:48] [Server thread/INFO]: Gar_Field lost connection: Login timed out!
[12:09:48] [Server thread/INFO]: Gar_Field left the game.
[12:09:48] [Server thread/WARN]: handleDisconnection() called twice
[12:10:10] [Thread-11/INFO]: UUID of player Gar_Field is 0bb0e430-08c6-3953-8bf6-a17ad790be75
[12:10:10] [Server thread/INFO]: Gar_Field[/[0:0:0:0:0:0:0:1]:55384] logged in with entity id 1012 at ([world]23.57977737100044, 57.0, 257.1701818393262)
[12:10:23] [Server thread/INFO]: Gar_Field lost connection: Disconnected
[12:10:23] [Server thread/INFO]: Gar_Field left the game.
[12:13:07] [Thread-12/INFO]: UUID of player Gar_Field is 0bb0e430-08c6-3953-8bf6-a17ad790be75
[12:13:07] [Server thread/INFO]: Gar_Field[/[0:0:0:0:0:0:0:1]:46170] logged in with entity id 1307 at ([world]22.52072860444688, 57.0, 258.4479692208918)
[12:16:17] [Server thread/INFO]: Gar_Field was slain by IneptDwarf33872
[12:17:14] [Server thread/INFO]: Set IneptDwarf33872's game mode to Creative Mode
[12:17:14] [Server thread/INFO]: Set Gar_Field's game mode to Creative Mode
[12:17:20] [Server thread/INFO]: Set IneptDwarf33872's game mode to Survival Mode
[12:17:20] [Server thread/INFO]: Set Gar_Field's game mode to Survival Mode
[12:18:28] [Server thread/INFO]: Gar_Field issued server command: /set gamemode
[12:18:30] [Server thread/INFO]: Gar_Field issued server command: /help
[12:18:43] [Server thread/INFO]: Gar_Field issued server command: /help Minecraft
[12:18:47] [Server thread/INFO]: Gar_Field issued server command: /me
[12:18:50] [Server thread/INFO]: Gar_Field issued server command: /me kill
[12:18:50] [Server thread/INFO]: * Gar_Field kill
[12:18:54] [Server thread/INFO]: Gar_Field issued server command: /me end
[12:18:54] [Server thread/INFO]: * Gar_Field end
[12:19:43] [Server thread/INFO]: IneptDwarf33872 lost connection: Disconnected
[12:19:43] [Server thread/INFO]: IneptDwarf33872 left the game.
[12:20:09] [Server thread/INFO]: Set Gar_Field's game mode to Creative Mode
[12:20:15] [Server thread/INFO]: Set Gar_Field's game mode to Survival Mode
[12:20:53] [Server thread/INFO]: Set Gar_Field's game mode to Creative Mode
[12:21:03] [Server thread/INFO]: That player cannot be found
[12:21:08] [Server thread/INFO]: Set Gar_Field's game mode to Spectator Mode
[12:21:14] [Server thread/INFO]: The number you have entered (4) is too big, it must be at most 3
[12:21:17] [Server thread/INFO]: Set Gar_Field's game mode to Survival Mode
[12:21:21] [Server thread/INFO]: Set Gar_Field's game mode to Creative Mode
[12:21:24] [Server thread/INFO]: Set Gar_Field's game mode to Adventure Mode
[12:21:37] [Server thread/INFO]: Set Gar_Field's game mode to Survival Mode
[12:21:47] [Server thread/INFO]: Gar_Field lost connection: Disconnected
[12:21:47] [Server thread/INFO]: Gar_Field left the game.
[12:21:58] [Thread-13/INFO]: UUID of player Gar_Fiend is 38d8f160-63f7-3b7d-a2b5-c8c71f01697a
[12:21:58] [Server thread/INFO]: Gar_Fiend[/[0:0:0:0:0:0:0:1]:51952] logged in with entity id 2508 at ([world]20.5, 63.0, 250.5)
[12:22:15] [Server thread/INFO]: Gar_Fiend has just earned the achievement [Taking Inventory]
[12:22:54] [Server thread/WARN]: Gar_Fiend moved wrongly!
[12:22:55] [Server thread/WARN]: Gar_Fiend moved wrongly!
[12:22:55] [Server thread/WARN]: Gar_Fiend moved wrongly!
[12:22:56] [Server thread/WARN]: Gar_Fiend moved wrongly!
[12:22:56] [Server thread/WARN]: Gar_Fiend moved wrongly!
[12:22:56] [Server thread/WARN]: Gar_Fiend moved wrongly!
[12:22:56] [Server thread/WARN]: Gar_Fiend moved wrongly!
[12:22:56] [Server thread/WARN]: Gar_Fiend moved wrongly!
[12:23:05] [Server thread/WARN]: Gar_Fiend moved wrongly!
[12:24:19] [Thread-2/INFO]: Stopping server
[12:24:19] [Thread-2/INFO]: [LoginSecurity] Disabling LoginSecurity v3.2.0
