[12:03:20] [main/INFO]: Using mbed TLS based native cipher.
[12:03:20] [main/INFO]: Using zlib based native compressor.
[12:03:20] [main/INFO]: Enabled Waterfall version git:Waterfall-Bootstrap:1.19-R0.1-SNAPSHOT:f6069e2:513
[12:03:20] [main/INFO]: Not on Windows, attempting to use enhanced EpollEventLoop
[12:03:20] [main/INFO]: Epoll is working, utilising it!
[12:03:20] [main/INFO]: Discovered module: ModuleSpec(name=cmd_alert, file=modules/cmd_alert.jar, provider=JenkinsModuleSource())
[12:03:20] [main/INFO]: Discovered module: ModuleSpec(name=cmd_find, file=modules/cmd_find.jar, provider=JenkinsModuleSource())
[12:03:20] [main/INFO]: Discovered module: ModuleSpec(name=cmd_list, file=modules/cmd_list.jar, provider=JenkinsModuleSource())
[12:03:20] [main/INFO]: Discovered module: ModuleSpec(name=cmd_send, file=modules/cmd_send.jar, provider=JenkinsModuleSource())
[12:03:20] [main/INFO]: Discovered module: ModuleSpec(name=cmd_server, file=modules/cmd_server.jar, provider=JenkinsModuleSource())
[12:03:20] [main/INFO]: Discovered module: ModuleSpec(name=reconnect_yaml, file=modules/reconnect_yaml.jar, provider=JenkinsModuleSource())
[12:03:20] [main/INFO]: Loaded plugin reconnect_yaml version git:reconnect_yaml:1.19-R0.1-SNAPSHOT:f6069e2:513 by WaterfallMC
[12:03:20] [main/INFO]: Loaded plugin cmd_find version git:cmd_find:1.19-R0.1-SNAPSHOT:f6069e2:513 by WaterfallMC
[12:03:20] [main/INFO]: Loaded plugin cmd_server version git:cmd_server:1.19-R0.1-SNAPSHOT:f6069e2:513 by WaterfallMC
[12:03:20] [main/INFO]: Loaded plugin cmd_alert version git:cmd_alert:1.19-R0.1-SNAPSHOT:f6069e2:513 by WaterfallMC
[12:03:20] [main/INFO]: Loaded plugin cmd_send version git:cmd_send:1.19-R0.1-SNAPSHOT:f6069e2:513 by WaterfallMC
[12:03:20] [main/INFO]: Loaded plugin cmd_list version git:cmd_list:1.19-R0.1-SNAPSHOT:f6069e2:513 by WaterfallMC
[12:03:20] [main/WARN]: :>:>:>:>:>:>:>:>:>:>:>:>:>:>:>:>:>:>:>:>:>:>:>
[12:03:20] [main/WARN]: :>  
[12:03:20] [main/WARN]: :>      EAGLERCRAFTXBUNGEE WARNING:
[12:03:20] [main/WARN]: :>  
[12:03:20] [main/WARN]: :>  This plugin wasn't tested to be 'working'
[12:03:20] [main/WARN]: :>  with ANY version of BungeeCord (and forks)
[12:03:20] [main/WARN]: :>  apart from the versions listed below:
[12:03:20] [main/WARN]: :>  
[12:03:20] [main/WARN]: :>  - BungeeCord: 1.20-R0.3-SNAPSHOT:eda268b:1797
[12:03:20] [main/WARN]: :>  - Waterfall: 1.20-R0.2-SNAPSHOT:92b5149:562
[12:03:20] [main/WARN]: :>  - FlameCord: 1.1.1
[12:03:20] [main/WARN]: :>  
[12:03:20] [main/WARN]: :>  This is not a Bukkit/Spigot plugin!
[12:03:20] [main/WARN]: :>  
[12:03:20] [main/WARN]: :>  Use "-Deaglerxbungee.stfu=true" to hide
[12:03:20] [main/WARN]: :>  
[12:03:20] [main/WARN]: :>:>:>:>:>:>:>:>:>:>:>:>:>:>:>:>:>:>:>:>:>:>:>
[12:03:20] [main/INFO] [EaglercraftXBungee]: Loading vanilla profile: lax1dude
[12:03:21] [Skin Download Thread #1/INFO] [EaglercraftXBungee]: Loaded vanilla profile: lax1dude
[12:03:21] [main/INFO]: Loaded plugin EaglercraftXBungee version 1.0.10 by lax1dude
[12:03:21] [main/WARN]: Forced host server pvp is not defined
[12:03:21] [main/INFO]: Enabled plugin reconnect_yaml version git:reconnect_yaml:1.19-R0.1-SNAPSHOT:f6069e2:513 by WaterfallMC
[12:03:21] [main/INFO]: Enabled plugin cmd_find version git:cmd_find:1.19-R0.1-SNAPSHOT:f6069e2:513 by WaterfallMC
[12:03:21] [main/INFO]: Enabled plugin cmd_server version git:cmd_server:1.19-R0.1-SNAPSHOT:f6069e2:513 by WaterfallMC
[12:03:21] [main/INFO]: Enabled plugin cmd_alert version git:cmd_alert:1.19-R0.1-SNAPSHOT:f6069e2:513 by WaterfallMC
[12:03:21] [main/INFO]: Enabled plugin cmd_send version git:cmd_send:1.19-R0.1-SNAPSHOT:f6069e2:513 by WaterfallMC
[12:03:21] [main/INFO]: Enabled plugin cmd_list version git:cmd_list:1.19-R0.1-SNAPSHOT:f6069e2:513 by WaterfallMC
[12:03:21] [main/ERROR] [EaglercraftXBungee]: Online mode is set to false! Authentication system has been disabled
[12:03:21] [Netty Worker IO Thread #0/INFO] [EaglercraftXBungee]: Eaglercraft is listening on: /0.0.0.0:8081
[12:03:22] [main/INFO] [EaglercraftXBungee]: Connected to database: jdbc:sqlite:eaglercraft_skins_cache.db
[12:03:22] [main/INFO]: Enabled plugin EaglercraftXBungee version 1.0.10 by lax1dude
[12:03:22] [Netty Boss IO Thread #0/INFO]: Listening on /127.0.0.1:25577
[12:03:22] [EaglerXBungee: Network Tick Tasks/INFO] [EaglercraftXBungee]: Loaded certificate: /workspaces/eaglercraft-server/bungee/plugins/EaglercraftXBungee/eagcert/$dl.b24c05f72d877ae5d8bc665e760fb0ef53e96fdc.cert
[12:03:40] [Netty Worker IO Thread #1/WARN] [EaglercraftXBungee]: Server icon is not a file: /workspaces/eaglercraft-server/bungee/server-icon.png
[12:03:46] [Netty Worker IO Thread #3/INFO] [EaglercraftXBungee]: [/[0:0:0:0:0:0:0:1%0]:35548]: Connected via websocket
[12:03:46] [Netty Worker IO Thread #3/INFO] [EaglercraftXBungee]: [/[0:0:0:0:0:0:0:1%0]:35548]: Origin header is https://eaglercraft.com
[12:03:46] [Netty Worker IO Thread #3/INFO] [EaglercraftXBungee]: [/[0:0:0:0:0:0:0:1%0]:35548]: Logged in as 'Gar_Field'
[12:03:46] [Netty Worker IO Thread #3/INFO]: [/[0:0:0:0:0:0:0:1%0]:35548|Gar_Field] -> UpstreamBridge has connected
[12:03:46] [Netty Worker IO Thread #3/INFO]: [Gar_Field|/[0:0:0:0:0:0:0:1%0]:35548] <-> ServerConnector [lobby] has connected
[12:03:47] [Netty Worker IO Thread #0/INFO] [EaglercraftXBungee]: [/[0:0:0:0:0:0:0:1%0]:35560]: Connected via websocket
[12:03:47] [Netty Worker IO Thread #0/INFO] [EaglercraftXBungee]: [/[0:0:0:0:0:0:0:1%0]:35560]: Origin header is http://localhost:8081
[12:03:47] [Netty Worker IO Thread #0/INFO] [EaglercraftXBungee]: [/[0:0:0:0:0:0:0:1%0]:35560]: Logged in as 'IneptDwarf33872'
[12:03:47] [Netty Worker IO Thread #0/INFO]: [/[0:0:0:0:0:0:0:1%0]:35560|IneptDwarf33872] -> UpstreamBridge has connected
[12:03:47] [Netty Worker IO Thread #0/INFO]: [IneptDwarf33872|/[0:0:0:0:0:0:0:1%0]:35560] <-> ServerConnector [lobby] has connected
[12:05:11] [Netty Worker IO Thread #3/INFO]: [/[0:0:0:0:0:0:0:1%0]:35548|Gar_Field] -> UpstreamBridge has disconnected
[12:05:11] [Netty Worker IO Thread #3/INFO]: [Gar_Field] disconnected with: Proxy lost connection to server.
[12:05:11] [Netty Worker IO Thread #3/INFO]: [/[0:0:0:0:0:0:0:1%0]:35548|Gar_Field] <-> DownstreamBridge <-> [lobby] has disconnected
[12:09:17] [Netty Worker IO Thread #2/INFO] [EaglercraftXBungee]: [/[0:0:0:0:0:0:0:1%0]:41828]: Connected via websocket
[12:09:17] [Netty Worker IO Thread #2/INFO] [EaglercraftXBungee]: [/[0:0:0:0:0:0:0:1%0]:41828]: Origin header is null
[12:09:17] [Netty Worker IO Thread #2/INFO] [EaglercraftXBungee]: [/[0:0:0:0:0:0:0:1%0]:41828]: Logged in as 'Gar_Field'
[12:09:17] [Netty Worker IO Thread #2/INFO]: [/[0:0:0:0:0:0:0:1%0]:41828|Gar_Field] -> UpstreamBridge has connected
[12:09:17] [Netty Worker IO Thread #2/INFO]: [Gar_Field|/[0:0:0:0:0:0:0:1%0]:41828] <-> ServerConnector [lobby] has connected
[12:09:48] [Netty Worker IO Thread #2/INFO]: [Gar_Field] disconnected with: Login timed out!
[12:09:48] [Netty Worker IO Thread #2/INFO]: [/[0:0:0:0:0:0:0:1%0]:41828|Gar_Field] -> UpstreamBridge has disconnected
[12:09:48] [Netty Worker IO Thread #2/INFO]: [/[0:0:0:0:0:0:0:1%0]:41828|Gar_Field] <-> DownstreamBridge <-> [lobby] has disconnected
[12:10:10] [Netty Worker IO Thread #3/INFO] [EaglercraftXBungee]: [/[0:0:0:0:0:0:0:1%0]:44078]: Connected via websocket
[12:10:10] [Netty Worker IO Thread #3/INFO] [EaglercraftXBungee]: [/[0:0:0:0:0:0:0:1%0]:44078]: Origin header is null
[12:10:10] [Netty Worker IO Thread #3/INFO] [EaglercraftXBungee]: [/[0:0:0:0:0:0:0:1%0]:44078]: Logged in as 'Gar_Field'
[12:10:10] [Netty Worker IO Thread #3/INFO]: [/[0:0:0:0:0:0:0:1%0]:44078|Gar_Field] -> UpstreamBridge has connected
[12:10:10] [Netty Worker IO Thread #3/INFO]: [Gar_Field|/[0:0:0:0:0:0:0:1%0]:44078] <-> ServerConnector [lobby] has connected
[12:10:23] [Netty Worker IO Thread #3/INFO]: [/[0:0:0:0:0:0:0:1%0]:44078|Gar_Field] -> UpstreamBridge has disconnected
[12:10:23] [Netty Worker IO Thread #3/INFO]: [Gar_Field] disconnected with: Proxy lost connection to server.
[12:10:23] [Netty Worker IO Thread #3/INFO]: [/[0:0:0:0:0:0:0:1%0]:44078|Gar_Field] <-> DownstreamBridge <-> [lobby] has disconnected
[12:13:07] [Netty Worker IO Thread #0/INFO] [EaglercraftXBungee]: [/[0:0:0:0:0:0:0:1%0]:39124]: Connected via websocket
[12:13:07] [Netty Worker IO Thread #0/INFO] [EaglercraftXBungee]: [/[0:0:0:0:0:0:0:1%0]:39124]: Origin header is http://localhost:8081
[12:13:07] [Netty Worker IO Thread #0/INFO] [EaglercraftXBungee]: [/[0:0:0:0:0:0:0:1%0]:39124]: Logged in as 'Gar_Field'
[12:13:07] [Netty Worker IO Thread #0/INFO]: [/[0:0:0:0:0:0:0:1%0]:39124|Gar_Field] -> UpstreamBridge has connected
[12:13:07] [Netty Worker IO Thread #0/INFO]: [Gar_Field|/[0:0:0:0:0:0:0:1%0]:39124] <-> ServerConnector [lobby] has connected
[12:19:43] [Netty Worker IO Thread #0/INFO]: [/[0:0:0:0:0:0:0:1%0]:35560|IneptDwarf33872] -> UpstreamBridge has disconnected
[12:19:43] [Netty Worker IO Thread #0/INFO]: [IneptDwarf33872] disconnected with: Proxy lost connection to server.
[12:19:43] [Netty Worker IO Thread #0/INFO]: [/[0:0:0:0:0:0:0:1%0]:35560|IneptDwarf33872] <-> DownstreamBridge <-> [lobby] has disconnected
[12:21:47] [Netty Worker IO Thread #0/INFO]: [/[0:0:0:0:0:0:0:1%0]:39124|Gar_Field] -> UpstreamBridge has disconnected
[12:21:47] [Netty Worker IO Thread #0/INFO]: [Gar_Field] disconnected with: Proxy lost connection to server.
[12:21:47] [Netty Worker IO Thread #0/INFO]: [/[0:0:0:0:0:0:0:1%0]:39124|Gar_Field] <-> DownstreamBridge <-> [lobby] has disconnected
[12:21:58] [Netty Worker IO Thread #0/INFO] [EaglercraftXBungee]: [/[0:0:0:0:0:0:0:1%0]:48230]: Connected via websocket
[12:21:58] [Netty Worker IO Thread #0/INFO] [EaglercraftXBungee]: [/[0:0:0:0:0:0:0:1%0]:48230]: Origin header is http://localhost:8081
[12:21:58] [Netty Worker IO Thread #0/INFO] [EaglercraftXBungee]: [/[0:0:0:0:0:0:0:1%0]:48230]: Logged in as 'Gar_Fiend'
[12:21:58] [Netty Worker IO Thread #0/INFO]: [/[0:0:0:0:0:0:0:1%0]:48230|Gar_Fiend] -> UpstreamBridge has connected
[12:21:58] [Netty Worker IO Thread #0/INFO]: [Gar_Fiend|/[0:0:0:0:0:0:0:1%0]:48230] <-> ServerConnector [lobby] has connected
[12:24:19] [Netty Worker IO Thread #0/INFO]: [Gar_Fiend] disconnected with: Server closed
[12:24:19] [Netty Worker IO Thread #0/INFO]: [/[0:0:0:0:0:0:0:1%0]:48230|Gar_Fiend] -> UpstreamBridge has disconnected
[12:24:19] [Netty Worker IO Thread #0/INFO]: [/[0:0:0:0:0:0:0:1%0]:48230|Gar_Fiend] <-> DownstreamBridge <-> [lobby] has disconnected
[12:24:22] [Shutdown Thread/INFO]: Closing listener [id: 0xf2683753, L:/127.0.0.1:25577]
[12:24:22] [Shutdown Thread/INFO]: Closing pending connections
[12:24:22] [Shutdown Thread/INFO]: Disconnecting 0 connections
[12:24:22] [Shutdown Thread/INFO]: Disabling plugins
[12:24:22] [Shutdown Thread/INFO] [EaglercraftXBungee]: Eaglercraft listener closed: /0.0.0.0:8081
[12:24:22] [Shutdown Thread/INFO] [EaglercraftXBungee]: Successfully disconnected from database 'jdbc:sqlite:eaglercraft_skins_cache.db'
[12:24:22] [Shutdown Thread/INFO] [EaglercraftXBungee]: Stopping skin cache HTTP client...
[12:24:24] [Shutdown Thread/INFO]: Closing IO threads
[12:24:26] [Shutdown Thread/INFO]: Thank you and goodbye
